2024-10-20 16:41:01,426 - INFO - Found credentials in shared credentials file: ~/.aws/credentials
2024-10-20 16:42:54,480 - INFO - Found credentials in shared credentials file: ~/.aws/credentials
2024-10-20 16:48:44,671 - INFO - Found credentials in shared credentials file: ~/.aws/credentials
2024-10-20 16:48:46,290 - WARNING - Failed to delete widget from DynamoDB: An error occurred (ValidationException) when calling the DeleteItem operation: The provided key element does not match the schema
2024-10-20 16:48:46,895 - INFO - Widget stored in Bucket 3: widgets/john-doe/widget-1
2024-10-20 16:55:27,000 - INFO - Found credentials in shared credentials file: ~/.aws/credentials
2024-10-20 16:57:31,759 - INFO - Found credentials in shared credentials file: ~/.aws/credentials
2024-10-20 16:57:41,125 - INFO - Found credentials in shared credentials file: ~/.aws/credentials
2024-10-20 16:57:42,513 - INFO - Widget stored in DynamoDB: 8123f304-f23f-440b-a6d3-80e979fa4cd6
2024-10-20 16:59:14,056 - INFO - Found credentials in shared credentials file: ~/.aws/credentials
2024-10-20 16:59:15,169 - INFO - Widget stored in DynamoDB: widget-1
2024-10-20 16:59:15,636 - WARNING - Failed to delete widget from DynamoDB: An error occurred (ValidationException) when calling the DeleteItem operation: The provided key element does not match the schema
2024-10-20 16:59:16,238 - INFO - Widget stored in Bucket 3: widgets/john-doe/widget-1
2024-10-20 16:59:16,710 - INFO - Widget stored in DynamoDB: widget-1
2024-10-20 17:02:02,314 - INFO - Found credentials in shared credentials file: ~/.aws/credentials
2024-10-20 17:02:04,192 - INFO - Widget stored in DynamoDB: widget-2
2024-10-20 17:02:04,738 - INFO - Widget stored in DynamoDB: widget-3
2024-10-20 17:02:04,823 - WARNING - Failed to delete widget from DynamoDB: An error occurred (ValidationException) when calling the DeleteItem operation: The provided key element does not match the schema
2024-10-20 17:02:04,994 - INFO - Widget stored in DynamoDB: widget-1
2024-10-20 17:06:58,803 - INFO - Found credentials in shared credentials file: ~/.aws/credentials
2024-10-20 17:07:00,675 - INFO - Widget stored in DynamoDB: widget-2
2024-10-20 17:07:01,217 - INFO - Widget stored in DynamoDB: widget-3
2024-10-20 17:07:01,303 - WARNING - Failed to delete widget from DynamoDB: An error occurred (ValidationException) when calling the DeleteItem operation: The provided key element does not match the schema
2024-10-20 17:07:01,470 - INFO - Widget stored in DynamoDB: widget-1
2024-10-20 17:11:33,712 - INFO - Found credentials in shared credentials file: ~/.aws/credentials
2024-10-20 17:11:35,124 - INFO - Widget stored in DynamoDB: 8123f304-f23f-440b-a6d3-80e979fa4cd6
2024-10-20 17:12:50,262 - INFO - Found credentials in shared credentials file: ~/.aws/credentials
2024-10-20 17:12:51,772 - INFO - Widget stored in Bucket 3: widgets/john-jones/ad0bb9e1-28e9-46e0-ad08-8192f4d3b6c6
2024-10-20 17:13:56,723 - INFO - Found credentials in shared credentials file: ~/.aws/credentials
2024-10-20 17:15:47,487 - INFO - Found credentials in shared credentials file: ~/.aws/credentials
2024-10-20 17:16:04,900 - INFO - Found credentials in shared credentials file: ~/.aws/credentials
2024-10-20 17:16:06,239 - INFO - Widget stored in DynamoDB: ad0bb9e1-28e9-46e0-ad08-8192f4d3b6c6
2024-10-20 17:18:24,869 - INFO - Found credentials in shared credentials file: ~/.aws/credentials
2024-10-20 17:18:26,196 - WARNING - Failed to delete widget from DynamoDB: An error occurred (ValidationException) when calling the DeleteItem operation: The provided key element does not match the schema
2024-10-20 17:19:18,573 - INFO - Found credentials in shared credentials file: ~/.aws/credentials
2024-10-20 17:19:19,959 - INFO - Widget stored in DynamoDB: e50b4381-4332-438f-bcec-bd2b8c0fa5ed
2024-10-20 17:20:45,370 - INFO - Found credentials in shared credentials file: ~/.aws/credentials
2024-10-20 17:20:46,716 - WARNING - Failed to delete widget from DynamoDB: An error occurred (ValidationException) when calling the DeleteItem operation: The provided key element does not match the schema
2024-10-20 17:21:29,591 - INFO - Found credentials in shared credentials file: ~/.aws/credentials
2024-10-20 17:21:30,937 - INFO - Widget deleted from DynamoDB: e50b4381-4332-438f-bcec-bd2b8c0fa5ed
2024-10-20 17:21:54,766 - INFO - Found credentials in shared credentials file: ~/.aws/credentials
2024-10-20 17:21:56,175 - INFO - Widget stored in Bucket 3: widgets/sue-smith/e50b4381-4332-438f-bcec-bd2b8c0fa5ed
2024-10-20 17:22:18,773 - INFO - Found credentials in shared credentials file: ~/.aws/credentials
2024-10-20 17:22:20,167 - INFO - Widget deleted from Bucket 3: widgets/sue-smith/e50b4381-4332-438f-bcec-bd2b8c0fa5ed
2024-10-20 17:23:50,234 - INFO - Found credentials in shared credentials file: ~/.aws/credentials
2024-10-20 17:23:57,758 - INFO - Found credentials in shared credentials file: ~/.aws/credentials
2024-10-20 17:25:05,851 - INFO - Found credentials in shared credentials file: ~/.aws/credentials
2024-10-20 17:25:07,732 - INFO - Widget stored in DynamoDB: widget-2
2024-10-20 17:25:08,277 - INFO - Widget stored in DynamoDB: widget-3
2024-10-20 17:25:08,360 - INFO - Widget deleted from DynamoDB: widget-3
2024-10-20 17:25:08,524 - INFO - Widget stored in DynamoDB: widget-1
2024-10-20 17:28:45,254 - INFO - Found credentials in shared credentials file: ~/.aws/credentials
2024-10-20 17:28:47,110 - INFO - Widget stored in DynamoDB: widget-2
2024-10-20 17:28:47,681 - INFO - Widget stored in DynamoDB: widget-3
2024-10-20 17:28:47,762 - INFO - Widget deleted from DynamoDB: widget-3
2024-10-20 17:28:47,926 - INFO - Widget stored in DynamoDB: widget-1
2024-10-20 17:29:10,654 - INFO - Found credentials in shared credentials file: ~/.aws/credentials
2024-10-20 17:29:13,470 - INFO - Widget stored in DynamoDB: widget-2
2024-10-20 17:29:14,009 - INFO - Widget stored in DynamoDB: widget-3
2024-10-20 17:29:14,094 - INFO - Widget deleted from DynamoDB: widget-3
2024-10-20 17:29:14,262 - INFO - Widget stored in DynamoDB: widget-1
2024-10-20 17:31:35,431 - INFO - Found credentials in shared credentials file: ~/.aws/credentials
2024-10-20 17:31:38,793 - INFO - Widget stored in DynamoDB: widget-2
2024-10-20 17:31:39,335 - INFO - Widget stored in DynamoDB: widget-3
2024-10-20 17:31:39,420 - INFO - Widget deleted from DynamoDB: widget-3
2024-10-20 17:31:39,584 - INFO - Widget stored in DynamoDB: widget-1
